<?xml version="1.0" encoding="UTF-8"?>
<testsuite xmlns:xsi="http://www.w3.org/2001/XMLSchema-instance" xsi:schemaLocation="https://maven.apache.org/surefire/maven-surefire-plugin/xsd/surefire-test-report.xsd" name="com.barnardos.runners.donateRunner" time="486.967" tests="108" errors="0" skipped="8" failures="2">
  <properties>
[...]
</properties>
  <testcase name="Given I am on donate page" classname="Scenario: Paying in my own money with giftaid using card" time="0.002"/>
  <testcase name="When I choose Single donation option" classname="Scenario: Paying in my own money with giftaid using card" time="0.001"/>
  <testcase name="And I pick a donation amount from Single donations" classname="Scenario: Paying in my own money with giftaid using card" time="0"/>
  <testcase name="And I enter all the mandatory donation fields" classname="Scenario: Paying in my own money with giftaid using card" time="0"/>
  <testcase name="And I choose donation type as i am donating my own money with giftaid" classname="Scenario: Paying in my own money with giftaid using card" time="0"/>
  <testcase name="And I click on Donate button" classname="Scenario: Paying in my own money with giftaid using card" time="0"/>
  <testcase name="Then I verify the Paysage page is displayed" classname="Scenario: Paying in my own money with giftaid using card" time="0"/>
  <testcase name="When I click on continue to payment" classname="Scenario: Paying in my own money with giftaid using card" time="0"/>
  <testcase name="And I enter all the mandatory payment details" classname="Scenario: Paying in my own money with giftaid using card" time="0"/>
  <testcase name="And click on Pay now button" classname="Scenario: Paying in my own money with giftaid using card" time="0"/>
  <testcase name="And click on Pay now button" classname="Scenario: Paying in my own money with giftaid using card" time="0.001"/>
  <testcase name="And review the order" classname="Scenario: Paying in my own money with giftaid using card" time="0"/>
  <testcase name="Then I verify the payment successful page displayed to the user" classname="Scenario: Paying in my own money with giftaid using card" time="0"/>
  <testcase name="Scenario: Paying in my own money with giftaid using card" classname="Scenario: Paying in my own money with giftaid using card" time="0.242"/>
  <testcase name="Given I am on donate page" classname="Scenario: Paying in my own money without giftaid using card" time="0"/>
  <testcase name="When I choose Single donation option" classname="Scenario: Paying in my own money without giftaid using card" time="0"/>
  <testcase name="And I pick a donation amount from Single donations" classname="Scenario: Paying in my own money without giftaid using card" time="0"/>
  <testcase name="And I enter all the mandatory donation fields" classname="Scenario: Paying in my own money without giftaid using card" time="0"/>
  <testcase name="And I choose donation type as i am donating my own money without giftaid" classname="Scenario: Paying in my own money without giftaid using card" time="0"/>
  <testcase name="And I click on Donate button" classname="Scenario: Paying in my own money without giftaid using card" time="0"/>
  <testcase name="Then I verify the Paysage page is displayed" classname="Scenario: Paying in my own money without giftaid using card" time="0"/>
  <testcase name="When I click on continue to payment" classname="Scenario: Paying in my own money without giftaid using card" time="0.001"/>
  <testcase name="And I enter all the mandatory payment details" classname="Scenario: Paying in my own money without giftaid using card" time="0"/>
  <testcase name="And click on Pay now button" classname="Scenario: Paying in my own money without giftaid using card" time="0"/>
  <testcase name="And click on Pay now button" classname="Scenario: Paying in my own money without giftaid using card" time="0"/>
  <testcase name="And review the order" classname="Scenario: Paying in my own money without giftaid using card" time="0"/>
  <testcase name="Then I verify the payment successful page displayed to the user" classname="Scenario: Paying in my own money without giftaid using card" time="0"/>
  <testcase name="Scenario: Paying in my own money without giftaid using card" classname="Scenario: Paying in my own money without giftaid using card" time="0.278"/>
  <testcase name="Given I am on donate page" classname="Scenario: Paying in money from a fundraising event or collection using card" time="0.001"/>
  <testcase name="When I choose Single donation option" classname="Scenario: Paying in money from a fundraising event or collection using card" time="0"/>
  <testcase name="And I pick a donation amount from Single donations" classname="Scenario: Paying in money from a fundraising event or collection using card" time="0"/>
  <testcase name="And I enter all the mandatory donation fields" classname="Scenario: Paying in money from a fundraising event or collection using card" time="0"/>
  <testcase name="And I choose donation type as fundraising event or collection" classname="Scenario: Paying in money from a fundraising event or collection using card" time="0"/>
  <testcase name="And I click on Donate button" classname="Scenario: Paying in money from a fundraising event or collection using card" time="0"/>
  <testcase name="Then I verify the Paysage page is displayed" classname="Scenario: Paying in money from a fundraising event or collection using card" time="0"/>
  <testcase name="When I click on continue to payment" classname="Scenario: Paying in money from a fundraising event or collection using card" time="0"/>
  <testcase name="And I enter all the mandatory payment details" classname="Scenario: Paying in money from a fundraising event or collection using card" time="0"/>
  <testcase name="And click on Pay now button" classname="Scenario: Paying in money from a fundraising event or collection using card" time="0"/>
  <testcase name="And click on Pay now button" classname="Scenario: Paying in money from a fundraising event or collection using card" time="0"/>
  <testcase name="And review the order" classname="Scenario: Paying in money from a fundraising event or collection using card" time="0"/>
  <testcase name="Then I verify the payment successful page displayed to the user" classname="Scenario: Paying in money from a fundraising event or collection using card" time="0"/>
  <testcase name="Scenario: Paying in money from a fundraising event or collection using card" classname="Scenario: Paying in money from a fundraising event or collection using card" time="0.25"/>
  <testcase name="Given I am on donate page" classname="Scenario: Paying in money on behalf of company / school / organisation using card" time="0"/>
  <testcase name="When I choose Single donation option" classname="Scenario: Paying in money on behalf of company / school / organisation using card" time="0"/>
  <testcase name="And I pick a donation amount from Single donations" classname="Scenario: Paying in money on behalf of company / school / organisation using card" time="0"/>
  <testcase name="And I enter all the mandatory donation fields" classname="Scenario: Paying in money on behalf of company / school / organisation using card" time="0"/>
  <testcase name="And I choose donation type as on behalf of company / school / organisation" classname="Scenario: Paying in money on behalf of company / school / organisation using card" time="0.001"/>
  <testcase name="And I click on Donate button" classname="Scenario: Paying in money on behalf of company / school / organisation using card" time="0.001"/>
  <testcase name="Then I verify the Paysage page is displayed" classname="Scenario: Paying in money on behalf of company / school / organisation using card" time="0"/>
  <testcase name="When I click on continue to payment" classname="Scenario: Paying in money on behalf of company / school / organisation using card" time="0"/>
  <testcase name="And I enter all the mandatory payment details" classname="Scenario: Paying in money on behalf of company / school / organisation using card" time="0"/>
  <testcase name="And click on Pay now button" classname="Scenario: Paying in money on behalf of company / school / organisation using card" time="0"/>
  <testcase name="And click on Pay now button" classname="Scenario: Paying in money on behalf of company / school / organisation using card" time="0"/>
  <testcase name="And review the order" classname="Scenario: Paying in money on behalf of company / school / organisation using card" time="0"/>
  <testcase name="Then I verify the payment successful page displayed to the user" classname="Scenario: Paying in money on behalf of company / school / organisation using card" time="0"/>
  <testcase name="Scenario: Paying in money on behalf of company / school / organisation using card" classname="Scenario: Paying in money on behalf of company / school / organisation using card" time="0.228"/>
  <testcase name="Given I am on donate page" classname="Scenario: Donation my own money with giftaid using direct debit" time="0"/>
  <testcase name="When I choose Monthly donation option" classname="Scenario: Donation my own money with giftaid using direct debit" time="0"/>
  <testcase name="And I pick a donation amount from Monthly donations" classname="Scenario: Donation my own money with giftaid using direct debit" time="0"/>
  <testcase name="And I enter all direct debit mandatory donation fields" classname="Scenario: Donation my own money with giftaid using direct debit" time="0"/>
  <testcase name="And I choose donation type as i am donating my own money with giftaid" classname="Scenario: Donation my own money with giftaid using direct debit" time="0"/>
  <testcase name="And I click on Donate button" classname="Scenario: Donation my own money with giftaid using direct debit" time="0"/>
  <testcase name="Then I verify the direct debit details page is displayed" classname="Scenario: Donation my own money with giftaid using direct debit" time="0"/>
  <testcase name="When I enter all the mandatory direct debit details" classname="Scenario: Donation my own money with giftaid using direct debit" time="0"/>
  <testcase name="And I click on setup direct debit button" classname="Scenario: Donation my own money with giftaid using direct debit" time="0"/>
  <testcase name="Then I verify the bank details confirmation page is displayed" classname="Scenario: Donation my own money with giftaid using direct debit" time="0"/>
  <testcase name="And I click on confirm donation button" classname="Scenario: Donation my own money with giftaid using direct debit" time="0"/>
  <testcase name="Then I verify the DD setup successful page displayed to the user" classname="Scenario: Donation my own money with giftaid using direct debit" time="0"/>
  <testcase name="Scenario: Donation my own money with giftaid using direct debit" classname="Scenario: Donation my own money with giftaid using direct debit" time="0.329"/>
  <testcase name="Given I am on donate page" classname="Scenario: Donation my own money without giftaid using direct debit" time="0"/>
  <testcase name="When I choose Monthly donation option" classname="Scenario: Donation my own money without giftaid using direct debit" time="0"/>
  <testcase name="And I pick a donation amount from Monthly donations" classname="Scenario: Donation my own money without giftaid using direct debit" time="0"/>
  <testcase name="And I enter all direct debit mandatory donation fields" classname="Scenario: Donation my own money without giftaid using direct debit" time="0"/>
  <testcase name="And I choose donation type as i am donating my own money without giftaid" classname="Scenario: Donation my own money without giftaid using direct debit" time="0"/>
  <testcase name="And I click on Donate button" classname="Scenario: Donation my own money without giftaid using direct debit" time="0"/>
  <testcase name="Then I verify the direct debit details page is displayed" classname="Scenario: Donation my own money without giftaid using direct debit" time="0"/>
  <testcase name="When I enter all the mandatory direct debit details" classname="Scenario: Donation my own money without giftaid using direct debit" time="0"/>
  <testcase name="And I click on setup direct debit button" classname="Scenario: Donation my own money without giftaid using direct debit" time="0"/>
  <testcase name="Then I verify the bank details confirmation page is displayed" classname="Scenario: Donation my own money without giftaid using direct debit" time="0"/>
  <testcase name="And I click on confirm donation button" classname="Scenario: Donation my own money without giftaid using direct debit" time="0"/>
  <testcase name="Then I verify the DD setup successful page displayed to the user" classname="Scenario: Donation my own money without giftaid using direct debit" time="0"/>
  <testcase name="Scenario: Donation my own money without giftaid using direct debit" classname="Scenario: Donation my own money without giftaid using direct debit" time="0.289"/>
  <testcase name="Given I am on donate page" classname="Scenario: Donation from a fundraising event or collection using direct debit" time="0"/>
  <testcase name="When I choose Monthly donation option" classname="Scenario: Donation from a fundraising event or collection using direct debit" time="0"/>
  <testcase name="And I pick a donation amount from Monthly donations" classname="Scenario: Donation from a fundraising event or collection using direct debit" time="0"/>
  <testcase name="And I enter all direct debit mandatory donation fields" classname="Scenario: Donation from a fundraising event or collection using direct debit" time="0"/>
  <testcase name="And I choose donation type as fundraising event or collection" classname="Scenario: Donation from a fundraising event or collection using direct debit" time="0"/>
  <testcase name="And I click on Donate button" classname="Scenario: Donation from a fundraising event or collection using direct debit" time="0"/>
  <testcase name="Then I verify the direct debit details page is displayed" classname="Scenario: Donation from a fundraising event or collection using direct debit" time="0"/>
  <testcase name="When I enter all the mandatory direct debit details" classname="Scenario: Donation from a fundraising event or collection using direct debit" time="0.001"/>
  <testcase name="And I click on setup direct debit button" classname="Scenario: Donation from a fundraising event or collection using direct debit" time="0"/>
  <testcase name="Then I verify the bank details confirmation page is displayed" classname="Scenario: Donation from a fundraising event or collection using direct debit" time="0"/>
  <testcase name="And I click on confirm donation button" classname="Scenario: Donation from a fundraising event or collection using direct debit" time="0"/>
  <testcase name="Then I verify the DD setup successful page displayed to the user" classname="Scenario: Donation from a fundraising event or collection using direct debit" time="0"/>
  <testcase name="Scenario: Donation from a fundraising event or collection using direct debit" classname="Scenario: Donation from a fundraising event or collection using direct debit" time="0.238"/>
  <testcase name="Given I am on donate page" classname="Scenario: Donation on behalf of company / school / organisation using direct debit" time="0"/>
  <testcase name="When I choose Monthly donation option" classname="Scenario: Donation on behalf of company / school / organisation using direct debit" time="0"/>
  <testcase name="And I pick a donation amount from Monthly donations" classname="Scenario: Donation on behalf of company / school / organisation using direct debit" time="0"/>
  <testcase name="And I enter all direct debit mandatory donation fields" classname="Scenario: Donation on behalf of company / school / organisation using direct debit" time="0.01">
    <failure message="Donation amount in the details page is not as expected, Plz check: " type="java.lang.AssertionError">java.lang.AssertionError: Donation amount in the details page is not as expected, Plz check: 
</failure>
  </testcase>
  <testcase name="Scenario: Donation on behalf of company / school / organisation using direct debit" classname="Scenario: Donation on behalf of company / school / organisation using direct debit" time="0.01">
    <failure message="Donation amount in the details page is not as expected, Plz check: " type="java.lang.AssertionError">java.lang.AssertionError: Donation amount in the details page is not as expected, Plz check: 
</failure>
  </testcase>
  <testcase name="And I choose donation type as on behalf of company / school / organisation" classname="Scenario: Donation on behalf of company / school / organisation using direct debit" time="0">
    <skipped/>
  </testcase>
  <testcase name="And I click on Donate button" classname="Scenario: Donation on behalf of company / school / organisation using direct debit" time="0">
    <skipped/>
  </testcase>
  <testcase name="Then I verify the direct debit details page is displayed" classname="Scenario: Donation on behalf of company / school / organisation using direct debit" time="0">
    <skipped/>
  </testcase>
  <testcase name="When I enter all the mandatory direct debit details" classname="Scenario: Donation on behalf of company / school / organisation using direct debit" time="0">
    <skipped/>
  </testcase>
  <testcase name="And I click on setup direct debit button" classname="Scenario: Donation on behalf of company / school / organisation using direct debit" time="0">
    <skipped/>
  </testcase>
  <testcase name="Then I verify the bank details confirmation page is displayed" classname="Scenario: Donation on behalf of company / school / organisation using direct debit" time="0">
    <skipped/>
  </testcase>
  <testcase name="And I click on confirm donation button" classname="Scenario: Donation on behalf of company / school / organisation using direct debit" time="0">
    <skipped/>
  </testcase>
  <testcase name="Then I verify the DD setup successful page displayed to the user" classname="Scenario: Donation on behalf of company / school / organisation using direct debit" time="0">
    <skipped/>
  </testcase>
</testsuite>